*** Using Compiler 'V6.16', folder: 'A:\MDK-ARM\ARM\ARMCLANG\Bin'
Build target 'MC-01_chassis'
Note: source file '..\BSP\Timers.c' - object file renamed from 'MC-01_chassis\Timers.o' to 'MC-01_chassis\timers_1.o'.ArmClang: error: no such file or directory: '../Task/Chassis_Task.c'
ArmClang: error: no input files
compiling Chassis_Task.c...
compiling Odom_Task.c...
compiling Communicate_Task.c...
compiling main.c...
compiling freertos.c...
ArmClang: error: no such file or directory: '../Task/Leg_Task.c'
ArmClang: error: no input files
compiling Leg_Task.c...
compiling Monitor_Task.c...
compiling IMU_Task.c...
compiling Can_Bus.c...
compiling universal.c...
compiling BMI088Middleware.c...
compiling BMI088driver.c...
compiling Dwt_Timer.c...
compiling CRC.c...
compiling RS485.c...
compiling arm_cos_f32.c...
compiling arm_sin_f32.c...
compiling arm_atan2_f32.c...
compiling Timers.c...
compiling arm_mat_init_f32.c...
compiling arm_mat_inverse_f32.c...
compiling arm_mat_mult_f32.c...
compiling arm_mat_add_f32.c...
compiling arm_mat_sub_f32.c...
compiling arm_mat_trans_f32.c...
compiling PID.c...
compiling QuaternionEKF.c...
compiling kalman_filter.c...
compiling A1_Driver.c...
"MC-01_chassis\MC-01_chassis.axf" - 4 Error(s), 0 Warning(s).
Target not created.
Build Time Elapsed:  00:00:04
